  Audio.cpp
C:\Users\Jacob\Documents\Files\Uni Work\301\301_JacobStoneman\Engine\Framework\Framework\Audio.cpp(53,36): warning C4244: 'argument': conversion from 'float' to 'int', possible loss of data
C:\Users\Jacob\Documents\Files\Uni Work\301\301_JacobStoneman\Engine\Framework\Framework\Audio.cpp(90,18): warning C4244: 'argument': conversion from 'float' to 'int', possible loss of data
C:\Users\Jacob\Documents\Files\Uni Work\301\301_JacobStoneman\Engine\Framework\Framework\Audio.cpp(91,39): warning C4244: '=': conversion from 'float' to 'int', possible loss of data
C:\Users\Jacob\Documents\Files\Uni Work\301\301_JacobStoneman\Engine\Framework\Framework\Audio.cpp(100,18): warning C4244: 'argument': conversion from 'float' to 'int', possible loss of data
  Engine.cpp
  EntityObject.cpp
  EntitySub.cpp
  GameData.cpp
  GenericObject.cpp
  Graphics.cpp
  KeyboardInput.cpp
  LightEntity.cpp
  Networking.cpp
  Physics.cpp
  Player.cpp
  Subsystem.cpp
  UserInterface.cpp
  main.cpp
  Generating Code...
LINK : warning LNK4098: defaultlib 'LIBCMT' conflicts with use of other libs; use /NODEFAULTLIB:library
  Framework.vcxproj -> C:\Users\Jacob\Documents\Files\Uni Work\301\301_JacobStoneman\Engine\Framework\x64\Debug\Framework.exe
