c:\users\jacob\documents\files\uni work\301\301_jacobstoneman\engine\framework\framework\x64\debug\vc142.pdb
c:\users\jacob\documents\files\uni work\301\301_jacobstoneman\engine\framework\framework\x64\debug\vc142.idb
c:\users\jacob\documents\files\uni work\301\301_jacobstoneman\engine\framework\framework\x64\debug\main.obj
c:\users\jacob\documents\files\uni work\301\301_jacobstoneman\engine\framework\framework\x64\debug\audio.obj
c:\users\jacob\documents\files\uni work\301\301_jacobstoneman\engine\framework\framework\x64\debug\graphics.obj
c:\users\jacob\documents\files\uni work\301\301_jacobstoneman\engine\framework\framework\x64\debug\userinterface.obj
c:\users\jacob\documents\files\uni work\301\301_jacobstoneman\engine\framework\framework\x64\debug\physics.obj
c:\users\jacob\documents\files\uni work\301\301_jacobstoneman\engine\framework\framework\x64\debug\keyboardinput.obj
c:\users\jacob\documents\files\uni work\301\301_jacobstoneman\engine\framework\framework\x64\debug\gamedata.obj
c:\users\jacob\documents\files\uni work\301\301_jacobstoneman\engine\framework\framework\x64\debug\engine.obj
c:\users\jacob\documents\files\uni work\301\301_jacobstoneman\engine\framework\framework\x64\debug\entitysub.obj
c:\users\jacob\documents\files\uni work\301\301_jacobstoneman\engine\framework\framework\x64\debug\networking.obj
c:\users\jacob\documents\files\uni work\301\301_jacobstoneman\engine\framework\framework\x64\debug\player.obj
c:\users\jacob\documents\files\uni work\301\301_jacobstoneman\engine\framework\framework\x64\debug\lightentity.obj
c:\users\jacob\documents\files\uni work\301\301_jacobstoneman\engine\framework\framework\x64\debug\genericobject.obj
c:\users\jacob\documents\files\uni work\301\301_jacobstoneman\engine\framework\framework\x64\debug\entityobject.obj
c:\users\jacob\documents\files\uni work\301\301_jacobstoneman\engine\framework\framework\x64\debug\subsystem.obj
c:\users\jacob\documents\files\uni work\301\301_jacobstoneman\engine\framework\x64\debug\framework.pdb
c:\users\jacob\documents\files\uni work\301\301_jacobstoneman\engine\framework\framework\x64\debug\framework.tlog\cl.command.1.tlog
c:\users\jacob\documents\files\uni work\301\301_jacobstoneman\engine\framework\framework\x64\debug\framework.tlog\cl.read.1.tlog
c:\users\jacob\documents\files\uni work\301\301_jacobstoneman\engine\framework\framework\x64\debug\framework.tlog\cl.write.1.tlog
c:\users\jacob\documents\files\uni work\301\301_jacobstoneman\engine\framework\framework\x64\debug\framework.tlog\link-cvtres.read.1.tlog
c:\users\jacob\documents\files\uni work\301\301_jacobstoneman\engine\framework\framework\x64\debug\framework.tlog\link-cvtres.write.1.tlog
c:\users\jacob\documents\files\uni work\301\301_jacobstoneman\engine\framework\framework\x64\debug\framework.tlog\link-rc.read.1.tlog
c:\users\jacob\documents\files\uni work\301\301_jacobstoneman\engine\framework\framework\x64\debug\framework.tlog\link-rc.write.1.tlog
c:\users\jacob\documents\files\uni work\301\301_jacobstoneman\engine\framework\framework\x64\debug\framework.tlog\link.39160-cvtres.read.1.tlog
c:\users\jacob\documents\files\uni work\301\301_jacobstoneman\engine\framework\framework\x64\debug\framework.tlog\link.39160-cvtres.write.1.tlog
c:\users\jacob\documents\files\uni work\301\301_jacobstoneman\engine\framework\framework\x64\debug\framework.tlog\link.39160-rc.read.1.tlog
c:\users\jacob\documents\files\uni work\301\301_jacobstoneman\engine\framework\framework\x64\debug\framework.tlog\link.39160-rc.write.1.tlog
c:\users\jacob\documents\files\uni work\301\301_jacobstoneman\engine\framework\framework\x64\debug\framework.tlog\link.39160.read.1.tlog
c:\users\jacob\documents\files\uni work\301\301_jacobstoneman\engine\framework\framework\x64\debug\framework.tlog\link.39160.write.1.tlog
c:\users\jacob\documents\files\uni work\301\301_jacobstoneman\engine\framework\framework\x64\debug\framework.tlog\link.command.1.tlog
c:\users\jacob\documents\files\uni work\301\301_jacobstoneman\engine\framework\framework\x64\debug\framework.tlog\link.read.1.tlog
c:\users\jacob\documents\files\uni work\301\301_jacobstoneman\engine\framework\framework\x64\debug\framework.tlog\link.write.1.tlog
